<?xml version="1.0" encoding="utf-8" standalone="no"?>
<!--This file represents the results of running a test suite-->
<test-results name="c:\Projects\solomons\Source\ProdigyProducts.Test\bin\Debug\ProdigyProducts.Test.dll" total="1" errors="0" failures="0" not-run="0" inconclusive="0" ignored="0" skipped="0" invalid="0" date="2012-09-01" time="13:15:25">
  <environment nunit-version="2.6.1.12217" clr-version="2.0.50727.4971" os-version="Microsoft Windows NT 6.1.7600.0" platform="Win32NT" cwd="c:\Projects\solomons" machine-name="STEVAN-PC" user="Stevan" user-domain="Stevan-PC" />
  <culture-info current-culture="en-US" current-uiculture="en-US" />
  <test-suite type="Assembly" name="c:\Projects\solomons\Source\ProdigyProducts.Test\bin\Debug\ProdigyProducts.Test.dll" executed="True" result="Success" success="True" time="0.027" asserts="0">
    <results>
      <test-suite type="Namespace" name="ProdigyProducts" executed="True" result="Success" success="True" time="0.021" asserts="0">
        <results>
          <test-suite type="Namespace" name="Test" executed="True" result="Success" success="True" time="0.021" asserts="0">
            <results>
              <test-suite type="TestFixture" name="SampleTest" executed="True" result="Success" success="True" time="0.020" asserts="0">
                <results>
                  <test-case name="ProdigyProducts.Test.SampleTest.ShouldRunATest" executed="True" result="Success" success="True" time="0.013" asserts="1" />
                </results>
              </test-suite>
            </results>
          </test-suite>
        </results>
      </test-suite>
    </results>
  </test-suite>
</test-results>