<?xml version="1.0" encoding="utf-8" standalone="no"?>
<!--This file represents the results of running a test suite-->
<test-results name="c:\projects\Solomons\Source\ProdigyProducts.Test\bin\Debug\ProdigyProducts.Test.dll" total="7" errors="0" failures="0" not-run="0" inconclusive="0" ignored="0" skipped="0" invalid="0" date="2012-09-11" time="17:28:16">
  <environment nunit-version="2.6.1.12217" clr-version="2.0.50727.5456" os-version="Microsoft Windows NT 6.1.7601 Service Pack 1" platform="Win32NT" cwd="c:\projects\Solomons" machine-name="VPTTMAC" user="VPTT" user-domain="VPTTMac" />
  <culture-info current-culture="en-US" current-uiculture="en-US" />
  <test-suite type="Assembly" name="c:\projects\Solomons\Source\ProdigyProducts.Test\bin\Debug\ProdigyProducts.Test.dll" executed="True" result="Success" success="True" time="3.606" asserts="0">
    <results>
      <test-suite type="Namespace" name="ProdigyProducts" executed="True" result="Success" success="True" time="3.582" asserts="0">
        <results>
          <test-suite type="Namespace" name="Test" executed="True" result="Success" success="True" time="3.581" asserts="0">
            <results>
              <test-suite type="Namespace" name="PresenterTests" executed="True" result="Success" success="True" time="3.581" asserts="0">
                <results>
                  <test-suite type="TestFixture" name="RegUserPresenterTest" executed="True" result="Success" success="True" time="3.579" asserts="0">
                    <results>
                      <test-case name="ProdigyProducts.Test.PresenterTests.RegUserPresenterTest.ShoulcCreateDataAccount" executed="True" result="Success" success="True" time="0.027" asserts="0" />
                      <test-case name="ProdigyProducts.Test.PresenterTests.RegUserPresenterTest.ShouldChancePassword" executed="True" result="Success" success="True" time="0.001" asserts="0" />
                      <test-case name="ProdigyProducts.Test.PresenterTests.RegUserPresenterTest.ShouldConfirmEmailCodeandRegisterUser" executed="True" result="Success" success="True" time="0.000" asserts="0" />
                      <test-case name="ProdigyProducts.Test.PresenterTests.RegUserPresenterTest.ShouldCreateANewUser" executed="True" result="Success" success="True" time="3.519" asserts="1" />
                      <test-case name="ProdigyProducts.Test.PresenterTests.RegUserPresenterTest.ShouldCreatePresentationAccount" executed="True" result="Success" success="True" time="0.000" asserts="0" />
                      <test-case name="ProdigyProducts.Test.PresenterTests.RegUserPresenterTest.ShouldEmailRegistrationLink" executed="True" result="Success" success="True" time="0.000" asserts="0" />
                      <test-case name="ProdigyProducts.Test.PresenterTests.RegUserPresenterTest.ShouldModifyAccount" executed="True" result="Success" success="True" time="0.000" asserts="0" />
                    </results>
                  </test-suite>
                </results>
              </test-suite>
            </results>
          </test-suite>
        </results>
      </test-suite>
    </results>
  </test-suite>
</test-results>